f:
                lui     $gp, (__gnu_local_gp >> 16)
; se il valore in input è minore di 5, salta a loc\_24:
                sltiu   $v0, $a0, 5
                bnez    $v0, loc_24
                la      $gp, (__gnu_local_gp & 0xFFFF) ; branch delay slot
; valore in input è maggiore o uguale a 5.
; stampa "something unknown" e termina:
                lui     $a0, ($LC5 >> 16)  # "something unknown"
                lw      $t9, (puts & 0xFFFF)($gp)
                or      $at, $zero ; NOP
                jr      $t9
                la      $a0, ($LC5 & 0xFFFF)  # "something unknown" ; branch delay slot

loc_24:                                  # CODE XREF: f+8
; carica l'indirizzo della jumptable
; LA è pseudoistruzione, infatti ci sono LUI e ADDIU qui:
                la      $v0, off_120
; moltiplica il valore di input per 4:
                sll     $a0, 2
; somma il valore moltiplicato e l' indirizzo della jumptable:
                addu    $a0, $v0, $a0
; carica un elemento dalla jumptable:
                lw      $v0, 0($a0)
                or      $at, $zero ; NOP
; salta all' indirizzo che c'è nella jumptable:
                jr      $v0
                or      $at, $zero ; branch delay slot, NOP

sub_44:                                  # DATA XREF: .rodata:0000012C
; stampa "three" e termina
                lui     $a0, ($LC3 >> 16)  # "three"
                lw      $t9, (puts & 0xFFFF)($gp)
                or      $at, $zero ; NOP
                jr      $t9
                la      $a0, ($LC3 & 0xFFFF)  # "three" ; branch delay slot

sub_58:                                  # DATA XREF: .rodata:00000130
; stampa "four" e termina
                lui     $a0, ($LC4 >> 16)  # "four"
                lw      $t9, (puts & 0xFFFF)($gp)
                or      $at, $zero ; NOP
                jr      $t9
                la      $a0, ($LC4 & 0xFFFF)  # "four" ; branch delay slot

sub_6C:                                  # DATA XREF: .rodata:off\_120
; stampa "zero" e termina
                lui     $a0, ($LC0 >> 16)  # "zero"
                lw      $t9, (puts & 0xFFFF)($gp)
                or      $at, $zero ; NOP
                jr      $t9
                la      $a0, ($LC0 & 0xFFFF)  # "zero" ; branch delay slot

sub_80:                                  # DATA XREF: .rodata:00000124
; stampa "one" e termina
                lui     $a0, ($LC1 >> 16)  # "one"
                lw      $t9, (puts & 0xFFFF)($gp)
                or      $at, $zero ; NOP
                jr      $t9
                la      $a0, ($LC1 & 0xFFFF)  # "one" ; branch delay slot

sub_94:                                  # DATA XREF: .rodata:00000128
; stampa "two" e termina
                lui     $a0, ($LC2 >> 16)  # "two"
                lw      $t9, (puts & 0xFFFF)($gp)
                or      $at, $zero ; NOP
                jr      $t9
                la      $a0, ($LC2 & 0xFFFF)  # "two" ; branch delay slot

; può essere inserita nella sezione .rodata:
off_120:        .word sub_6C
                .word sub_80
                .word sub_94
                .word sub_44
                .word sub_58
