my_max:
; se \$a1<\$a0 imposta \$v1 a 1  \$a1<\$a0, altrimenti pulisci (se \$a1>\$a0):
                slt     $v1, $a1, $a0
; se \$v1 è 0 (o \$a1>\$a0), salta:
                beqz    $v1, locret_10
; this is branch delay slot
; carica \$a1 in \$v0 nel caso il salto sia attivato:
                move    $v0, $a1 
; se il salto non è attivato, carica \$a0 in \$v0:
                move    $v0, $a0

locret_10:
                jr      $ra
                or      $at, $zero ; branch delay slot, NOP

; la funzione min() è uguale, ma gli operandi in input nell' istruzione SLT sono scambiati:
my_min:
                slt     $v1, $a0, $a1
                beqz    $v1, locret_28
                move    $v0, $a1
                move    $v0, $a0

locret_28:
                jr      $ra
                or      $at, $zero ; branch delay slot, NOP
