.text:00000000 main:
.text:00000000
.text:00000000 var_10          = -0x10
.text:00000000 var_4           = -4
.text:00000000
; prolog:
.text:00000000                 lui     $gp, (__gnu_local_gp >> 16)
.text:00000004                 addiu   $sp, -0x20
.text:00000008                 la      $gp, (__gnu_local_gp & 0xFFFF)
.text:0000000C                 sw      $ra, 0x20+var_4($sp)
.text:00000010                 sw      $gp, 0x20+var_10($sp)
; załaduj adres funkcji printf():
.text:00000014                 lw      $t9, (printf & 0xFFFF)($gp)
; załaduj adres łańcucha znaków i ustaw jako 1. argument funkcji printf():
.text:00000018                 la      $a0, $LC0        # "a=\%d; b=\%d; c=\%d"
; ustaw 2. argument funkcji printf():
.text:00000020                 li      $a1, 1
; ustaw 3. argument funkcji printf():
.text:00000024                 li      $a2, 2
; call printf():
.text:00000028                 jalr    $t9
; ustaw 4. argument funkcji printf() (branch delay slot):
.text:0000002C                 li      $a3, 3
; epilog:
.text:00000030                 lw      $ra, 0x20+var_4($sp)
; ustaw wartość zwracaną na 0:
.text:00000034                 move    $v0, $zero
; zwróć wartość:
.text:00000038                 jr      $ra
.text:0000003C                 addiu   $sp, 0x20 ; branch delay slot
